<?xml version="1.0" encoding="UTF-8"?>
<!-- Generated by org.testng.reporters.JUnitReportReporter -->
<testsuite hostname="DESKTOP-PGM2PL3" failures="0" tests="1" name="testPackage.TestDataStructure" time="10.553" errors="0" timestamp="2023-01-19T04:00:14 IST" skipped="0">
  <testcase classname="testPackage.TestDataStructure" name="ds" time="10.553"/>
  <system-out/>
</testsuite> <!-- testPackage.TestDataStructure -->
