<?xml version="1.0" encoding="UTF-8"?>
<!-- Generated by org.testng.reporters.JUnitReportReporter -->
<testsuite hostname="DESKTOP-PGM2PL3" failures="0" tests="1" name="testPackage.GetStarted" time="56.369" errors="0" timestamp="2023-01-12T03:31:34 IST" skipped="0">
  <testcase classname="testPackage.GetStarted" name="LogInCheckForValidUser" time="56.369"/>
  <system-out/>
</testsuite> <!-- testPackage.GetStarted -->
